                                 Started job on |	Oct 31 22:47:31
                             Started mapping on |	Oct 31 22:47:39
                                    Finished on |	Oct 31 22:48:18
       Mapping speed, Million of reads per hour |	545.06

                          Number of input reads |	5904836
                      Average input read length |	76
                                    UNIQUE READS:
                   Uniquely mapped reads number |	3748452
                        Uniquely mapped reads % |	63.48%
                          Average mapped length |	74.97
                       Number of splices: Total |	691874
            Number of splices: Annotated (sjdb) |	687908
                       Number of splices: GT/AG |	686423
                       Number of splices: GC/AG |	3288
                       Number of splices: AT/AC |	843
               Number of splices: Non-canonical |	1320
                      Mismatch rate per base, % |	0.63%
                         Deletion rate per base |	0.00%
                        Deletion average length |	1.09
                        Insertion rate per base |	0.01%
                       Insertion average length |	1.01
                             MULTI-MAPPING READS:
        Number of reads mapped to multiple loci |	892461
             % of reads mapped to multiple loci |	15.11%
        Number of reads mapped to too many loci |	224162
             % of reads mapped to too many loci |	3.80%
                                  UNMAPPED READS:
  Number of reads unmapped: too many mismatches |	0
       % of reads unmapped: too many mismatches |	0.00%
            Number of reads unmapped: too short |	955552
                 % of reads unmapped: too short |	16.18%
                Number of reads unmapped: other |	84209
                     % of reads unmapped: other |	1.43%
                                  CHIMERIC READS:
                       Number of chimeric reads |	0
                            % of chimeric reads |	0.00%
