                                 Started job on |	Oct 31 22:33:53
                             Started mapping on |	Oct 31 22:34:02
                                    Finished on |	Oct 31 22:34:42
       Mapping speed, Million of reads per hour |	603.97

                          Number of input reads |	6710807
                      Average input read length |	76
                                    UNIQUE READS:
                   Uniquely mapped reads number |	4546065
                        Uniquely mapped reads % |	67.74%
                          Average mapped length |	75.08
                       Number of splices: Total |	958604
            Number of splices: Annotated (sjdb) |	953959
                       Number of splices: GT/AG |	951431
                       Number of splices: GC/AG |	4724
                       Number of splices: AT/AC |	1056
               Number of splices: Non-canonical |	1393
                      Mismatch rate per base, % |	0.60%
                         Deletion rate per base |	0.00%
                        Deletion average length |	1.08
                        Insertion rate per base |	0.01%
                       Insertion average length |	1.01
                             MULTI-MAPPING READS:
        Number of reads mapped to multiple loci |	951218
             % of reads mapped to multiple loci |	14.17%
        Number of reads mapped to too many loci |	211757
             % of reads mapped to too many loci |	3.16%
                                  UNMAPPED READS:
  Number of reads unmapped: too many mismatches |	0
       % of reads unmapped: too many mismatches |	0.00%
            Number of reads unmapped: too short |	916083
                 % of reads unmapped: too short |	13.65%
                Number of reads unmapped: other |	85684
                     % of reads unmapped: other |	1.28%
                                  CHIMERIC READS:
                       Number of chimeric reads |	0
                            % of chimeric reads |	0.00%
