                                 Started job on |	Oct 30 22:16:38
                             Started mapping on |	Oct 30 22:16:47
                                    Finished on |	Oct 30 22:17:32
       Mapping speed, Million of reads per hour |	589.78

                          Number of input reads |	7372205
                      Average input read length |	76
                                    UNIQUE READS:
                   Uniquely mapped reads number |	4931642
                        Uniquely mapped reads % |	66.90%
                          Average mapped length |	75.11
                       Number of splices: Total |	983820
            Number of splices: Annotated (sjdb) |	978855
                       Number of splices: GT/AG |	976034
                       Number of splices: GC/AG |	5057
                       Number of splices: AT/AC |	1053
               Number of splices: Non-canonical |	1676
                      Mismatch rate per base, % |	0.60%
                         Deletion rate per base |	0.00%
                        Deletion average length |	1.09
                        Insertion rate per base |	0.01%
                       Insertion average length |	1.01
                             MULTI-MAPPING READS:
        Number of reads mapped to multiple loci |	1005556
             % of reads mapped to multiple loci |	13.64%
        Number of reads mapped to too many loci |	260400
             % of reads mapped to too many loci |	3.53%
                                  UNMAPPED READS:
  Number of reads unmapped: too many mismatches |	0
       % of reads unmapped: too many mismatches |	0.00%
            Number of reads unmapped: too short |	1067045
                 % of reads unmapped: too short |	14.47%
                Number of reads unmapped: other |	107562
                     % of reads unmapped: other |	1.46%
                                  CHIMERIC READS:
                       Number of chimeric reads |	0
                            % of chimeric reads |	0.00%
