                                 Started job on |	Oct 31 22:49:03
                             Started mapping on |	Oct 31 22:49:12
                                    Finished on |	Oct 31 22:49:58
       Mapping speed, Million of reads per hour |	502.61

                          Number of input reads |	6422281
                      Average input read length |	76
                                    UNIQUE READS:
                   Uniquely mapped reads number |	3938548
                        Uniquely mapped reads % |	61.33%
                          Average mapped length |	75.18
                       Number of splices: Total |	796863
            Number of splices: Annotated (sjdb) |	792310
                       Number of splices: GT/AG |	790834
                       Number of splices: GC/AG |	3817
                       Number of splices: AT/AC |	910
               Number of splices: Non-canonical |	1302
                      Mismatch rate per base, % |	0.70%
                         Deletion rate per base |	0.01%
                        Deletion average length |	1.09
                        Insertion rate per base |	0.01%
                       Insertion average length |	1.01
                             MULTI-MAPPING READS:
        Number of reads mapped to multiple loci |	974964
             % of reads mapped to multiple loci |	15.18%
        Number of reads mapped to too many loci |	302151
             % of reads mapped to too many loci |	4.70%
                                  UNMAPPED READS:
  Number of reads unmapped: too many mismatches |	0
       % of reads unmapped: too many mismatches |	0.00%
            Number of reads unmapped: too short |	1116953
                 % of reads unmapped: too short |	17.39%
                Number of reads unmapped: other |	89665
                     % of reads unmapped: other |	1.40%
                                  CHIMERIC READS:
                       Number of chimeric reads |	0
                            % of chimeric reads |	0.00%
