STAR version=2.7.11b
STAR compilation time,server,dir=2025-07-24T03:06:21+0000 :/opt/conda/conda-bld/star_1753326220084/work/source
##### Command Line:
/opt/conda/bin/STAR-avx2 --runThreadN 8 --genomeDir /work/data/STARIndex --readFilesIn /work/data/raw-data/SRR32812493_1.fastq.gz /work/data/raw-data/SRR32812493_2.fastq.gz --readFilesCommand zcat --outFileNamePrefix /work/data/aligned/SRR32812493_ --outSAMtype BAM SortedByCoordinate --outSAMunmapped Within --quantMode GeneCounts
##### Initial USER parameters from Command Line:
outFileNamePrefix                 /work/data/aligned/SRR32812493_
###### All USER parameters from Command Line:
runThreadN                    8     ~RE-DEFINED
genomeDir                     /work/data/STARIndex     ~RE-DEFINED
readFilesIn                   /work/data/raw-data/SRR32812493_1.fastq.gz   /work/data/raw-data/SRR32812493_2.fastq.gz        ~RE-DEFINED
readFilesCommand              zcat        ~RE-DEFINED
outFileNamePrefix             /work/data/aligned/SRR32812493_     ~RE-DEFINED
outSAMtype                    BAM   SortedByCoordinate        ~RE-DEFINED
outSAMunmapped                Within        ~RE-DEFINED
quantMode                     GeneCounts        ~RE-DEFINED
##### Finished reading parameters from all sources

##### Final user re-defined parameters-----------------:
runThreadN                        8
genomeDir                         /work/data/STARIndex
readFilesIn                       /work/data/raw-data/SRR32812493_1.fastq.gz   /work/data/raw-data/SRR32812493_2.fastq.gz   
readFilesCommand                  zcat   
outFileNamePrefix                 /work/data/aligned/SRR32812493_
outSAMtype                        BAM   SortedByCoordinate   
outSAMunmapped                    Within   
quantMode                         GeneCounts   

-------------------------------
##### Final effective command line:
/opt/conda/bin/STAR-avx2   --runThreadN 8   --genomeDir /work/data/STARIndex   --readFilesIn /work/data/raw-data/SRR32812493_1.fastq.gz   /work/data/raw-data/SRR32812493_2.fastq.gz      --readFilesCommand zcat      --outFileNamePrefix /work/data/aligned/SRR32812493_   --outSAMtype BAM   SortedByCoordinate      --outSAMunmapped Within      --quantMode GeneCounts   
----------------------------------------

Number of fastq files for each mate = 1

   Input read files for mate 1 :
-rw-r--r--. 1 root root 174681431 Oct 26 18:43 /work/data/raw-data/SRR32812493_1.fastq.gz

   readsCommandsFile:
exec > "/work/data/aligned/SRR32812493__STARtmp/tmp.fifo.read1"
echo FILE 0
zcat      "/work/data/raw-data/SRR32812493_1.fastq.gz"


   Input read files for mate 2 :
-rw-r--r--. 1 root root 177449762 Oct 26 18:43 /work/data/raw-data/SRR32812493_2.fastq.gz

   readsCommandsFile:
exec > "/work/data/aligned/SRR32812493__STARtmp/tmp.fifo.read2"
echo FILE 0
zcat      "/work/data/raw-data/SRR32812493_2.fastq.gz"

ParametersSolo: --soloCellFilterType CellRanger2.2 filtering parameters:  3000 0.99 10
WARNING: --limitBAMsortRAM=0, will use genome size as RAM limit for BAM sorting
Finished loading and checking parameters
Reading genome generation parameters:
### /opt/conda/bin/STAR-avx2   --runMode genomeGenerate      --runThreadN 8   --genomeDir STARIndex   --genomeFastaFiles GCF_000001635.27_GRCm39_genomic.fna      --sjdbGTFfile GCF_000001635.27_GRCm39_genomic.gtf   --sjdbOverhang 151
### GstrandBit=32
versionGenome                 2.7.4a     ~RE-DEFINED
genomeType                    Full     ~RE-DEFINED
genomeFastaFiles              GCF_000001635.27_GRCm39_genomic.fna        ~RE-DEFINED
genomeSAindexNbases           14     ~RE-DEFINED
genomeChrBinNbits             18     ~RE-DEFINED
genomeSAsparseD               1     ~RE-DEFINED
genomeTransformType           None     ~RE-DEFINED
genomeTransformVCF            -     ~RE-DEFINED
sjdbOverhang                  151     ~RE-DEFINED
sjdbFileChrStartEnd           -        ~RE-DEFINED
sjdbGTFfile                   GCF_000001635.27_GRCm39_genomic.gtf     ~RE-DEFINED
sjdbGTFchrPrefix              -     ~RE-DEFINED
sjdbGTFfeatureExon            exon     ~RE-DEFINED
sjdbGTFtagExonParentTranscripttranscript_id     ~RE-DEFINED
sjdbGTFtagExonParentGene      gene_id     ~RE-DEFINED
sjdbInsertSave                Basic     ~RE-DEFINED
genomeFileSizes               2828396007   22641003284        ~RE-DEFINED
Genome version is compatible with current STAR
Number of real (reference) chromosomes= 61
1	NC_000067.7	195154279	0
2	NT_166280.1	169725	195297280
3	NT_166281.1	241735	195559424
4	NT_166282.1	153618	195821568
5	NT_162750.1	206961	196083712
6	NW_023337852.1	8412	196345856
7	NT_166338.1	40056	196608000
8	NC_000068.8	181755017	196870144
9	NC_000069.7	159745316	378798080
10	NC_000070.7	156860686	538705920
11	NT_187055.1	1976	695730176
12	NC_000071.7	151758149	695992320
13	NT_187056.1	199368	847773696
14	NT_187057.1	205776	848035840
15	NT_187058.1	184189	848297984
16	NT_166438.1	195993	848560128
17	NT_187059.1	953012	848822272
18	NC_000072.7	149588044	849870848
19	NC_000073.7	144995196	999555072
20	NT_166307.1	175968	1144782848
21	NC_000074.7	130127694	1145044992
22	NC_000075.7	124359700	1275330560
23	NC_000076.7	130530862	1399848960
24	NC_000077.7	121973369	1530396672
25	NC_000078.7	120092757	1652555776
26	NC_000079.7	120883175	1772879872
27	NC_000080.7	125139656	1893990400
28	NC_000081.7	104073951	2019295232
29	NC_000082.7	98008968	2123628544
30	NC_000083.7	95294699	2221670400
31	NC_000084.7	90720763	2317090816
32	NC_000085.7	61420004	2408054784
33	NC_000086.8	169476592	2469658624
34	NT_165789.3	559103	2639265792
35	NC_000087.8	91455967	2640052224
36	NT_187060.1	182347	2731540480
37	NT_187061.1	259875	2731802624
38	NT_187062.1	155838	2732064768
39	NT_187063.1	158099	2732326912
40	NT_166451.1	42057	2732589056
41	NT_166462.1	31602	2732851200
42	NT_166465.1	25871	2733113344
43	NT_166466.1	23158	2733375488
44	NT_166467.1	38659	2733637632
45	NT_166469.1	35240	2733899776
46	NT_166474.1	24668	2734161920
47	NT_166476.1	23629	2734424064
48	NT_166478.1	24323	2734686208
49	NT_166443.1	22974	2734948352
50	NT_166444.1	31704	2735210496
51	NT_166480.1	21240	2735472640
52	NT_166456.1	28664	2735734784
53	NT_166471.1	24685	2735996928
54	NT_166473.1	28772	2736259072
55	NT_166454.1	26764	2736521216
56	NT_166463.1	72385	2736783360
57	NT_166450.1	47073	2737045504
58	NT_166452.1	20208	2737307648
59	NT_187064.1	114452	2737569792
60	NW_023337853.1	31129	2737831936
61	NC_005089.1	16299	2738094080
--sjdbOverhang = 151 taken from the generated genome
Started loading the genome: Thu Oct 30 22:20:04 2025

Genome: size given as a parameter = 2828396007
SA: size given as a parameter = 22641003284
SAindex: size given as a parameter = 1
Read from SAindex: pGe.gSAindexNbases=14  nSAi=357913940
nGenome=2828396007;  nSAbyte=22641003284
GstrandBit=32   SA number of indices=5488728068
Shared memory is not used for genomes. Allocated a private copy of the genome.
Genome file size: 2828396007 bytes; state: good=1 eof=0 fail=0 bad=0
Loading Genome ... done! state: good=1 eof=0 fail=0 bad=0; loaded 2828396007 bytes
SA file size: 22641003284 bytes; state: good=1 eof=0 fail=0 bad=0
Loading SA ... done! state: good=1 eof=0 fail=0 bad=0; loaded 22641003284 bytes
Loading SAindex ... done: 1565873619 bytes
Finished loading the genome: Thu Oct 30 22:20:11 2025

Processing splice junctions database sjdbN=297161,   pGe.sjdbOverhang=151 
alignIntronMax=alignMatesGapMax=0, the max intron size will be approximately determined by (2^winBinNbits)*winAnchorDistNbins=589824
Created thread # 1
Starting to map file # 0
mate 1:   /work/data/raw-data/SRR32812493_1.fastq.gz
mate 2:   /work/data/raw-data/SRR32812493_2.fastq.gz
Created thread # 2
Created thread # 3
Created thread # 4
Created thread # 5
Created thread # 6
Created thread # 7
BAM sorting: 298709 mapped reads
BAM sorting bins genomic start loci:
1	0	71625222
2	0	191082659
3	7	98492579
4	7	98493177
5	7	98496895
6	7	98497015
7	7	98497157
8	7	98497287
9	7	98497431
10	7	98497461
11	7	98497531
12	7	121262780
13	8	18681625
14	8	129256239
15	9	107050528
16	11	8706581
17	11	122498257
18	17	67845839
19	18	20019297
20	18	89159708
21	20	34637254
22	21	3000542
23	21	3018301
24	21	3032434
25	21	35216822
26	21	96778219
27	22	80736330
28	23	20173090
29	23	65990347
30	23	120679379
31	24	100170191
32	25	74457957
33	26	3050840
34	26	3052075
35	26	3053684
36	26	46322054
37	27	42654014
38	28	33119796
39	29	29265712
40	30	35085498
41	31	7936983
42	32	25890082
43	34	21853950
44	53	10641
45	58	81242
46	58	91130
47	58	103309
48	58	114353
Thread #1 end of input stream, nextChar=-1
Completed: thread #3
Completed: thread #6
Completed: thread #2
Completed: thread #4
Completed: thread #0
Completed: thread #1
Joined thread # 1
Joined thread # 2
Joined thread # 3
Joined thread # 4
Completed: thread #7
Completed: thread #5
Joined thread # 5
Joined thread # 6
Joined thread # 7
Oct 30 22:20:57 ..... finished mapping
RAM after mapping:
VmPeak:	28338484 kB; VmSize:	28219600 kB; VmHWM:	27762452 kB; VmRSS:	27694196 kB; 
RAM after freeing genome index memory:
VmPeak:	28338484 kB; VmSize:	 1817960 kB; VmHWM:	27762452 kB; VmRSS:	 1296380 kB; 
Oct 30 22:20:57 ..... started sorting BAM
Max memory needed for sorting = 48379988
ALL DONE!
