                                 Started job on |	Oct 31 22:42:03
                             Started mapping on |	Oct 31 22:42:12
                                    Finished on |	Oct 31 22:42:52
       Mapping speed, Million of reads per hour |	504.52

                          Number of input reads |	5605752
                      Average input read length |	76
                                    UNIQUE READS:
                   Uniquely mapped reads number |	3489928
                        Uniquely mapped reads % |	62.26%
                          Average mapped length |	75.14
                       Number of splices: Total |	703129
            Number of splices: Annotated (sjdb) |	699244
                       Number of splices: GT/AG |	697567
                       Number of splices: GC/AG |	3513
                       Number of splices: AT/AC |	886
               Number of splices: Non-canonical |	1163
                      Mismatch rate per base, % |	0.67%
                         Deletion rate per base |	0.00%
                        Deletion average length |	1.08
                        Insertion rate per base |	0.01%
                       Insertion average length |	1.01
                             MULTI-MAPPING READS:
        Number of reads mapped to multiple loci |	838479
             % of reads mapped to multiple loci |	14.96%
        Number of reads mapped to too many loci |	247697
             % of reads mapped to too many loci |	4.42%
                                  UNMAPPED READS:
  Number of reads unmapped: too many mismatches |	0
       % of reads unmapped: too many mismatches |	0.00%
            Number of reads unmapped: too short |	952067
                 % of reads unmapped: too short |	16.98%
                Number of reads unmapped: other |	77581
                     % of reads unmapped: other |	1.38%
                                  CHIMERIC READS:
                       Number of chimeric reads |	0
                            % of chimeric reads |	0.00%
