                                 Started job on |	Oct 31 22:37:04
                             Started mapping on |	Oct 31 22:37:13
                                    Finished on |	Oct 31 22:37:56
       Mapping speed, Million of reads per hour |	641.80

                          Number of input reads |	7665952
                      Average input read length |	76
                                    UNIQUE READS:
                   Uniquely mapped reads number |	5395899
                        Uniquely mapped reads % |	70.39%
                          Average mapped length |	75.13
                       Number of splices: Total |	1195269
            Number of splices: Annotated (sjdb) |	1189909
                       Number of splices: GT/AG |	1186125
                       Number of splices: GC/AG |	6107
                       Number of splices: AT/AC |	1307
               Number of splices: Non-canonical |	1730
                      Mismatch rate per base, % |	0.57%
                         Deletion rate per base |	0.00%
                        Deletion average length |	1.08
                        Insertion rate per base |	0.01%
                       Insertion average length |	1.01
                             MULTI-MAPPING READS:
        Number of reads mapped to multiple loci |	1017533
             % of reads mapped to multiple loci |	13.27%
        Number of reads mapped to too many loci |	215830
             % of reads mapped to too many loci |	2.82%
                                  UNMAPPED READS:
  Number of reads unmapped: too many mismatches |	0
       % of reads unmapped: too many mismatches |	0.00%
            Number of reads unmapped: too short |	926944
                 % of reads unmapped: too short |	12.09%
                Number of reads unmapped: other |	109746
                     % of reads unmapped: other |	1.43%
                                  CHIMERIC READS:
                       Number of chimeric reads |	0
                            % of chimeric reads |	0.00%
