                                 Started job on |	Oct 31 22:37:56
                             Started mapping on |	Oct 31 22:38:05
                                    Finished on |	Oct 31 22:38:47
       Mapping speed, Million of reads per hour |	587.99

                          Number of input reads |	6859837
                      Average input read length |	76
                                    UNIQUE READS:
                   Uniquely mapped reads number |	4620273
                        Uniquely mapped reads % |	67.35%
                          Average mapped length |	75.18
                       Number of splices: Total |	1006617
            Number of splices: Annotated (sjdb) |	1001844
                       Number of splices: GT/AG |	999021
                       Number of splices: GC/AG |	4889
                       Number of splices: AT/AC |	1209
               Number of splices: Non-canonical |	1498
                      Mismatch rate per base, % |	0.60%
                         Deletion rate per base |	0.00%
                        Deletion average length |	1.08
                        Insertion rate per base |	0.01%
                       Insertion average length |	1.01
                             MULTI-MAPPING READS:
        Number of reads mapped to multiple loci |	995476
             % of reads mapped to multiple loci |	14.51%
        Number of reads mapped to too many loci |	228037
             % of reads mapped to too many loci |	3.32%
                                  UNMAPPED READS:
  Number of reads unmapped: too many mismatches |	0
       % of reads unmapped: too many mismatches |	0.00%
            Number of reads unmapped: too short |	934778
                 % of reads unmapped: too short |	13.63%
                Number of reads unmapped: other |	81273
                     % of reads unmapped: other |	1.18%
                                  CHIMERIC READS:
                       Number of chimeric reads |	0
                            % of chimeric reads |	0.00%
