                                 Started job on |	Oct 31 22:38:47
                             Started mapping on |	Oct 31 22:38:56
                                    Finished on |	Oct 31 22:39:31
       Mapping speed, Million of reads per hour |	647.39

                          Number of input reads |	6294053
                      Average input read length |	76
                                    UNIQUE READS:
                   Uniquely mapped reads number |	4414026
                        Uniquely mapped reads % |	70.13%
                          Average mapped length |	75.15
                       Number of splices: Total |	961026
            Number of splices: Annotated (sjdb) |	956552
                       Number of splices: GT/AG |	953796
                       Number of splices: GC/AG |	4770
                       Number of splices: AT/AC |	1086
               Number of splices: Non-canonical |	1374
                      Mismatch rate per base, % |	0.57%
                         Deletion rate per base |	0.00%
                        Deletion average length |	1.08
                        Insertion rate per base |	0.01%
                       Insertion average length |	1.01
                             MULTI-MAPPING READS:
        Number of reads mapped to multiple loci |	876549
             % of reads mapped to multiple loci |	13.93%
        Number of reads mapped to too many loci |	161612
             % of reads mapped to too many loci |	2.57%
                                  UNMAPPED READS:
  Number of reads unmapped: too many mismatches |	0
       % of reads unmapped: too many mismatches |	0.00%
            Number of reads unmapped: too short |	761685
                 % of reads unmapped: too short |	12.10%
                Number of reads unmapped: other |	80181
                     % of reads unmapped: other |	1.27%
                                  CHIMERIC READS:
                       Number of chimeric reads |	0
                            % of chimeric reads |	0.00%
