                                 Started job on |	Oct 31 22:41:14
                             Started mapping on |	Oct 31 22:41:23
                                    Finished on |	Oct 31 22:42:03
       Mapping speed, Million of reads per hour |	617.94

                          Number of input reads |	6865947
                      Average input read length |	76
                                    UNIQUE READS:
                   Uniquely mapped reads number |	4794414
                        Uniquely mapped reads % |	69.83%
                          Average mapped length |	75.07
                       Number of splices: Total |	1034301
            Number of splices: Annotated (sjdb) |	1029596
                       Number of splices: GT/AG |	1026331
                       Number of splices: GC/AG |	5283
                       Number of splices: AT/AC |	1221
               Number of splices: Non-canonical |	1466
                      Mismatch rate per base, % |	0.57%
                         Deletion rate per base |	0.00%
                        Deletion average length |	1.08
                        Insertion rate per base |	0.01%
                       Insertion average length |	1.01
                             MULTI-MAPPING READS:
        Number of reads mapped to multiple loci |	928364
             % of reads mapped to multiple loci |	13.52%
        Number of reads mapped to too many loci |	191279
             % of reads mapped to too many loci |	2.79%
                                  UNMAPPED READS:
  Number of reads unmapped: too many mismatches |	0
       % of reads unmapped: too many mismatches |	0.00%
            Number of reads unmapped: too short |	865250
                 % of reads unmapped: too short |	12.60%
                Number of reads unmapped: other |	86640
                     % of reads unmapped: other |	1.26%
                                  CHIMERIC READS:
                       Number of chimeric reads |	0
                            % of chimeric reads |	0.00%
