                                 Started job on |	Oct 31 22:46:35
                             Started mapping on |	Oct 31 22:46:43
                                    Finished on |	Oct 31 22:47:30
       Mapping speed, Million of reads per hour |	522.57

                          Number of input reads |	6822405
                      Average input read length |	76
                                    UNIQUE READS:
                   Uniquely mapped reads number |	4233478
                        Uniquely mapped reads % |	62.05%
                          Average mapped length |	75.14
                       Number of splices: Total |	838116
            Number of splices: Annotated (sjdb) |	833358
                       Number of splices: GT/AG |	831626
                       Number of splices: GC/AG |	4021
                       Number of splices: AT/AC |	1065
               Number of splices: Non-canonical |	1404
                      Mismatch rate per base, % |	0.69%
                         Deletion rate per base |	0.00%
                        Deletion average length |	1.09
                        Insertion rate per base |	0.01%
                       Insertion average length |	1.01
                             MULTI-MAPPING READS:
        Number of reads mapped to multiple loci |	1035387
             % of reads mapped to multiple loci |	15.18%
        Number of reads mapped to too many loci |	304209
             % of reads mapped to too many loci |	4.46%
                                  UNMAPPED READS:
  Number of reads unmapped: too many mismatches |	0
       % of reads unmapped: too many mismatches |	0.00%
            Number of reads unmapped: too short |	1160696
                 % of reads unmapped: too short |	17.01%
                Number of reads unmapped: other |	88635
                     % of reads unmapped: other |	1.30%
                                  CHIMERIC READS:
                       Number of chimeric reads |	0
                            % of chimeric reads |	0.00%
