                                 Started job on |	Oct 31 22:40:25
                             Started mapping on |	Oct 31 22:40:34
                                    Finished on |	Oct 31 22:41:14
       Mapping speed, Million of reads per hour |	674.64

                          Number of input reads |	7495945
                      Average input read length |	76
                                    UNIQUE READS:
                   Uniquely mapped reads number |	5502115
                        Uniquely mapped reads % |	73.40%
                          Average mapped length |	75.11
                       Number of splices: Total |	1271168
            Number of splices: Annotated (sjdb) |	1265820
                       Number of splices: GT/AG |	1261655
                       Number of splices: GC/AG |	6427
                       Number of splices: AT/AC |	1451
               Number of splices: Non-canonical |	1635
                      Mismatch rate per base, % |	0.53%
                         Deletion rate per base |	0.00%
                        Deletion average length |	1.08
                        Insertion rate per base |	0.01%
                       Insertion average length |	1.01
                             MULTI-MAPPING READS:
        Number of reads mapped to multiple loci |	964578
             % of reads mapped to multiple loci |	12.87%
        Number of reads mapped to too many loci |	158273
             % of reads mapped to too many loci |	2.11%
                                  UNMAPPED READS:
  Number of reads unmapped: too many mismatches |	0
       % of reads unmapped: too many mismatches |	0.00%
            Number of reads unmapped: too short |	789034
                 % of reads unmapped: too short |	10.53%
                Number of reads unmapped: other |	81945
                     % of reads unmapped: other |	1.09%
                                  CHIMERIC READS:
                       Number of chimeric reads |	0
                            % of chimeric reads |	0.00%
