                                 Started job on |	Oct 30 22:21:02
                             Started mapping on |	Oct 30 22:21:10
                                    Finished on |	Oct 30 22:21:54
       Mapping speed, Million of reads per hour |	606.67

                          Number of input reads |	7414890
                      Average input read length |	76
                                    UNIQUE READS:
                   Uniquely mapped reads number |	5164777
                        Uniquely mapped reads % |	69.65%
                          Average mapped length |	75.14
                       Number of splices: Total |	1099821
            Number of splices: Annotated (sjdb) |	1094765
                       Number of splices: GT/AG |	1091609
                       Number of splices: GC/AG |	5400
                       Number of splices: AT/AC |	1278
               Number of splices: Non-canonical |	1534
                      Mismatch rate per base, % |	0.58%
                         Deletion rate per base |	0.00%
                        Deletion average length |	1.08
                        Insertion rate per base |	0.01%
                       Insertion average length |	1.02
                             MULTI-MAPPING READS:
        Number of reads mapped to multiple loci |	1037083
             % of reads mapped to multiple loci |	13.99%
        Number of reads mapped to too many loci |	203678
             % of reads mapped to too many loci |	2.75%
                                  UNMAPPED READS:
  Number of reads unmapped: too many mismatches |	0
       % of reads unmapped: too many mismatches |	0.00%
            Number of reads unmapped: too short |	922794
                 % of reads unmapped: too short |	12.45%
                Number of reads unmapped: other |	86558
                     % of reads unmapped: other |	1.17%
                                  CHIMERIC READS:
                       Number of chimeric reads |	0
                            % of chimeric reads |	0.00%
