                                 Started job on |	Oct 31 22:42:52
                             Started mapping on |	Oct 31 22:43:00
                                    Finished on |	Oct 31 22:43:57
       Mapping speed, Million of reads per hour |	411.07

                          Number of input reads |	6508545
                      Average input read length |	76
                                    UNIQUE READS:
                   Uniquely mapped reads number |	3353480
                        Uniquely mapped reads % |	51.52%
                          Average mapped length |	75.09
                       Number of splices: Total |	570967
            Number of splices: Annotated (sjdb) |	566162
                       Number of splices: GT/AG |	565940
                       Number of splices: GC/AG |	2978
                       Number of splices: AT/AC |	687
               Number of splices: Non-canonical |	1362
                      Mismatch rate per base, % |	0.88%
                         Deletion rate per base |	0.01%
                        Deletion average length |	1.09
                        Insertion rate per base |	0.01%
                       Insertion average length |	1.01
                             MULTI-MAPPING READS:
        Number of reads mapped to multiple loci |	1083276
             % of reads mapped to multiple loci |	16.64%
        Number of reads mapped to too many loci |	435219
             % of reads mapped to too many loci |	6.69%
                                  UNMAPPED READS:
  Number of reads unmapped: too many mismatches |	0
       % of reads unmapped: too many mismatches |	0.00%
            Number of reads unmapped: too short |	1519675
                 % of reads unmapped: too short |	23.35%
                Number of reads unmapped: other |	116895
                     % of reads unmapped: other |	1.80%
                                  CHIMERIC READS:
                       Number of chimeric reads |	0
                            % of chimeric reads |	0.00%
