                                 Started job on |	Oct 31 22:36:09
                             Started mapping on |	Oct 31 22:36:18
                                    Finished on |	Oct 31 22:37:04
       Mapping speed, Million of reads per hour |	465.60

                          Number of input reads |	5949278
                      Average input read length |	76
                                    UNIQUE READS:
                   Uniquely mapped reads number |	3444706
                        Uniquely mapped reads % |	57.90%
                          Average mapped length |	75.07
                       Number of splices: Total |	641894
            Number of splices: Annotated (sjdb) |	637726
                       Number of splices: GT/AG |	636675
                       Number of splices: GC/AG |	3255
                       Number of splices: AT/AC |	736
               Number of splices: Non-canonical |	1228
                      Mismatch rate per base, % |	0.76%
                         Deletion rate per base |	0.01%
                        Deletion average length |	1.09
                        Insertion rate per base |	0.01%
                       Insertion average length |	1.01
                             MULTI-MAPPING READS:
        Number of reads mapped to multiple loci |	925948
             % of reads mapped to multiple loci |	15.56%
        Number of reads mapped to too many loci |	310041
             % of reads mapped to too many loci |	5.21%
                                  UNMAPPED READS:
  Number of reads unmapped: too many mismatches |	0
       % of reads unmapped: too many mismatches |	0.00%
            Number of reads unmapped: too short |	1168880
                 % of reads unmapped: too short |	19.65%
                Number of reads unmapped: other |	99703
                     % of reads unmapped: other |	1.68%
                                  CHIMERIC READS:
                       Number of chimeric reads |	0
                            % of chimeric reads |	0.00%
