STAR version=2.7.11b
STAR compilation time,server,dir=2025-07-24T03:06:21+0000 :/opt/conda/conda-bld/star_1753326220084/work/source
##### Command Line:
/opt/conda/bin/STAR-avx2 --runThreadN 8 --genomeDir /work/data/STARIndex --readFilesIn /work/data/raw-data/SRR32812468_1.fastq.gz /work/data/raw-data/SRR32812468_2.fastq.gz --readFilesCommand zcat --outFileNamePrefix /work/data/aligned/SRR32812468_ --outSAMtype BAM SortedByCoordinate --outSAMunmapped Within --quantMode GeneCounts
##### Initial USER parameters from Command Line:
outFileNamePrefix                 /work/data/aligned/SRR32812468_
###### All USER parameters from Command Line:
runThreadN                    8     ~RE-DEFINED
genomeDir                     /work/data/STARIndex     ~RE-DEFINED
readFilesIn                   /work/data/raw-data/SRR32812468_1.fastq.gz   /work/data/raw-data/SRR32812468_2.fastq.gz        ~RE-DEFINED
readFilesCommand              zcat        ~RE-DEFINED
outFileNamePrefix             /work/data/aligned/SRR32812468_     ~RE-DEFINED
outSAMtype                    BAM   SortedByCoordinate        ~RE-DEFINED
outSAMunmapped                Within        ~RE-DEFINED
quantMode                     GeneCounts        ~RE-DEFINED
##### Finished reading parameters from all sources

##### Final user re-defined parameters-----------------:
runThreadN                        8
genomeDir                         /work/data/STARIndex
readFilesIn                       /work/data/raw-data/SRR32812468_1.fastq.gz   /work/data/raw-data/SRR32812468_2.fastq.gz   
readFilesCommand                  zcat   
outFileNamePrefix                 /work/data/aligned/SRR32812468_
outSAMtype                        BAM   SortedByCoordinate   
outSAMunmapped                    Within   
quantMode                         GeneCounts   

-------------------------------
##### Final effective command line:
/opt/conda/bin/STAR-avx2   --runThreadN 8   --genomeDir /work/data/STARIndex   --readFilesIn /work/data/raw-data/SRR32812468_1.fastq.gz   /work/data/raw-data/SRR32812468_2.fastq.gz      --readFilesCommand zcat      --outFileNamePrefix /work/data/aligned/SRR32812468_   --outSAMtype BAM   SortedByCoordinate      --outSAMunmapped Within      --quantMode GeneCounts   
----------------------------------------

Number of fastq files for each mate = 1

   Input read files for mate 1 :
-rw-r--r--. 1 root root 185239444 Oct 31 22:08 /work/data/raw-data/SRR32812468_1.fastq.gz

   readsCommandsFile:
exec > "/work/data/aligned/SRR32812468__STARtmp/tmp.fifo.read1"
echo FILE 0
zcat      "/work/data/raw-data/SRR32812468_1.fastq.gz"


   Input read files for mate 2 :
-rw-r--r--. 1 root root 188285096 Oct 31 22:08 /work/data/raw-data/SRR32812468_2.fastq.gz

   readsCommandsFile:
exec > "/work/data/aligned/SRR32812468__STARtmp/tmp.fifo.read2"
echo FILE 0
zcat      "/work/data/raw-data/SRR32812468_2.fastq.gz"

ParametersSolo: --soloCellFilterType CellRanger2.2 filtering parameters:  3000 0.99 10
WARNING: --limitBAMsortRAM=0, will use genome size as RAM limit for BAM sorting
Finished loading and checking parameters
Reading genome generation parameters:
### /opt/conda/bin/STAR-avx2   --runMode genomeGenerate      --runThreadN 8   --genomeDir STARIndex   --genomeFastaFiles GCF_000001635.27_GRCm39_genomic.fna      --sjdbGTFfile GCF_000001635.27_GRCm39_genomic.gtf   --sjdbOverhang 151
### GstrandBit=32
versionGenome                 2.7.4a     ~RE-DEFINED
genomeType                    Full     ~RE-DEFINED
genomeFastaFiles              GCF_000001635.27_GRCm39_genomic.fna        ~RE-DEFINED
genomeSAindexNbases           14     ~RE-DEFINED
genomeChrBinNbits             18     ~RE-DEFINED
genomeSAsparseD               1     ~RE-DEFINED
genomeTransformType           None     ~RE-DEFINED
genomeTransformVCF            -     ~RE-DEFINED
sjdbOverhang                  151     ~RE-DEFINED
sjdbFileChrStartEnd           -        ~RE-DEFINED
sjdbGTFfile                   GCF_000001635.27_GRCm39_genomic.gtf     ~RE-DEFINED
sjdbGTFchrPrefix              -     ~RE-DEFINED
sjdbGTFfeatureExon            exon     ~RE-DEFINED
sjdbGTFtagExonParentTranscripttranscript_id     ~RE-DEFINED
sjdbGTFtagExonParentGene      gene_id     ~RE-DEFINED
sjdbInsertSave                Basic     ~RE-DEFINED
genomeFileSizes               2828396007   22641003284        ~RE-DEFINED
Genome version is compatible with current STAR
Number of real (reference) chromosomes= 61
1	NC_000067.7	195154279	0
2	NT_166280.1	169725	195297280
3	NT_166281.1	241735	195559424
4	NT_166282.1	153618	195821568
5	NT_162750.1	206961	196083712
6	NW_023337852.1	8412	196345856
7	NT_166338.1	40056	196608000
8	NC_000068.8	181755017	196870144
9	NC_000069.7	159745316	378798080
10	NC_000070.7	156860686	538705920
11	NT_187055.1	1976	695730176
12	NC_000071.7	151758149	695992320
13	NT_187056.1	199368	847773696
14	NT_187057.1	205776	848035840
15	NT_187058.1	184189	848297984
16	NT_166438.1	195993	848560128
17	NT_187059.1	953012	848822272
18	NC_000072.7	149588044	849870848
19	NC_000073.7	144995196	999555072
20	NT_166307.1	175968	1144782848
21	NC_000074.7	130127694	1145044992
22	NC_000075.7	124359700	1275330560
23	NC_000076.7	130530862	1399848960
24	NC_000077.7	121973369	1530396672
25	NC_000078.7	120092757	1652555776
26	NC_000079.7	120883175	1772879872
27	NC_000080.7	125139656	1893990400
28	NC_000081.7	104073951	2019295232
29	NC_000082.7	98008968	2123628544
30	NC_000083.7	95294699	2221670400
31	NC_000084.7	90720763	2317090816
32	NC_000085.7	61420004	2408054784
33	NC_000086.8	169476592	2469658624
34	NT_165789.3	559103	2639265792
35	NC_000087.8	91455967	2640052224
36	NT_187060.1	182347	2731540480
37	NT_187061.1	259875	2731802624
38	NT_187062.1	155838	2732064768
39	NT_187063.1	158099	2732326912
40	NT_166451.1	42057	2732589056
41	NT_166462.1	31602	2732851200
42	NT_166465.1	25871	2733113344
43	NT_166466.1	23158	2733375488
44	NT_166467.1	38659	2733637632
45	NT_166469.1	35240	2733899776
46	NT_166474.1	24668	2734161920
47	NT_166476.1	23629	2734424064
48	NT_166478.1	24323	2734686208
49	NT_166443.1	22974	2734948352
50	NT_166444.1	31704	2735210496
51	NT_166480.1	21240	2735472640
52	NT_166456.1	28664	2735734784
53	NT_166471.1	24685	2735996928
54	NT_166473.1	28772	2736259072
55	NT_166454.1	26764	2736521216
56	NT_166463.1	72385	2736783360
57	NT_166450.1	47073	2737045504
58	NT_166452.1	20208	2737307648
59	NT_187064.1	114452	2737569792
60	NW_023337853.1	31129	2737831936
61	NC_005089.1	16299	2738094080
--sjdbOverhang = 151 taken from the generated genome
Started loading the genome: Fri Oct 31 22:35:24 2025

Genome: size given as a parameter = 2828396007
SA: size given as a parameter = 22641003284
SAindex: size given as a parameter = 1
Read from SAindex: pGe.gSAindexNbases=14  nSAi=357913940
nGenome=2828396007;  nSAbyte=22641003284
GstrandBit=32   SA number of indices=5488728068
Shared memory is not used for genomes. Allocated a private copy of the genome.
Genome file size: 2828396007 bytes; state: good=1 eof=0 fail=0 bad=0
Loading Genome ... done! state: good=1 eof=0 fail=0 bad=0; loaded 2828396007 bytes
SA file size: 22641003284 bytes; state: good=1 eof=0 fail=0 bad=0
Loading SA ... done! state: good=1 eof=0 fail=0 bad=0; loaded 22641003284 bytes
Loading SAindex ... done: 1565873619 bytes
Finished loading the genome: Fri Oct 31 22:35:31 2025

Processing splice junctions database sjdbN=297161,   pGe.sjdbOverhang=151 
alignIntronMax=alignMatesGapMax=0, the max intron size will be approximately determined by (2^winBinNbits)*winAnchorDistNbins=589824
Created thread # 1
Starting to map file # 0
mate 1:   /work/data/raw-data/SRR32812468_1.fastq.gz
mate 2:   /work/data/raw-data/SRR32812468_2.fastq.gz
Created thread # 2
Created thread # 3
Created thread # 4
Created thread # 5
Created thread # 6
Created thread # 7
BAM sorting: 298533 mapped reads
BAM sorting bins genomic start loci:
1	0	24654373
2	0	83096737
3	0	189374251
4	7	69596859
5	7	98494285
6	7	98497212
7	7	98497462
8	7	121287759
9	7	178706498
10	8	90521515
11	9	26139853
12	9	123606691
13	9	154982015
14	11	104653277
15	11	145062523
16	17	83320360
17	18	15681318
18	18	45107993
19	18	102117942
20	20	19543161
21	20	106973838
22	21	3028917
23	21	50664435
24	21	106550923
25	22	78261616
26	22	128460463
27	23	50186059
28	23	62443541
29	23	81928027
30	23	114559441
31	24	80874808
32	25	33027078
33	25	74555052
34	26	3051419
35	26	24543553
36	26	55144811
37	27	59197936
38	27	102371116
39	29	5981769
40	29	31826313
41	30	6248210
42	31	4090354
43	31	9962313
44	32	29312954
45	32	165990355
46	58	81603
47	58	107626
48	60	8010
Thread #3 end of input stream, nextChar=-1
Completed: thread #2
Completed: thread #4
Completed: thread #6
Completed: thread #7
Completed: thread #3
Completed: thread #1
Completed: thread #0
Joined thread # 1
Joined thread # 2
Joined thread # 3
Joined thread # 4
Completed: thread #5
Joined thread # 5
Joined thread # 6
Joined thread # 7
Oct 31 22:36:04 ..... finished mapping
RAM after mapping:
VmPeak:	28338484 kB; VmSize:	28218192 kB; VmHWM:	27789964 kB; VmRSS:	27717980 kB; 
RAM after freeing genome index memory:
VmPeak:	28338484 kB; VmSize:	 1816552 kB; VmHWM:	27789964 kB; VmRSS:	 1319036 kB; 
Oct 31 22:36:04 ..... started sorting BAM
Max memory needed for sorting = 58329387
ALL DONE!
