                                 Started job on |	Oct 30 22:17:32
                             Started mapping on |	Oct 30 22:17:41
                                    Finished on |	Oct 30 22:18:22
       Mapping speed, Million of reads per hour |	561.09

                          Number of input reads |	6390137
                      Average input read length |	76
                                    UNIQUE READS:
                   Uniquely mapped reads number |	4263762
                        Uniquely mapped reads % |	66.72%
                          Average mapped length |	75.16
                       Number of splices: Total |	873447
            Number of splices: Annotated (sjdb) |	868953
                       Number of splices: GT/AG |	866657
                       Number of splices: GC/AG |	4303
                       Number of splices: AT/AC |	1067
               Number of splices: Non-canonical |	1420
                      Mismatch rate per base, % |	0.62%
                         Deletion rate per base |	0.00%
                        Deletion average length |	1.08
                        Insertion rate per base |	0.01%
                       Insertion average length |	1.01
                             MULTI-MAPPING READS:
        Number of reads mapped to multiple loci |	897559
             % of reads mapped to multiple loci |	14.05%
        Number of reads mapped to too many loci |	218124
             % of reads mapped to too many loci |	3.41%
                                  UNMAPPED READS:
  Number of reads unmapped: too many mismatches |	0
       % of reads unmapped: too many mismatches |	0.00%
            Number of reads unmapped: too short |	928964
                 % of reads unmapped: too short |	14.54%
                Number of reads unmapped: other |	81728
                     % of reads unmapped: other |	1.28%
                                  CHIMERIC READS:
                       Number of chimeric reads |	0
                            % of chimeric reads |	0.00%
