                                 Started job on |	Oct 31 22:48:18
                             Started mapping on |	Oct 31 22:48:26
                                    Finished on |	Oct 31 22:49:03
       Mapping speed, Million of reads per hour |	616.25

                          Number of input reads |	6333728
                      Average input read length |	76
                                    UNIQUE READS:
                   Uniquely mapped reads number |	4367569
                        Uniquely mapped reads % |	68.96%
                          Average mapped length |	75.14
                       Number of splices: Total |	920367
            Number of splices: Annotated (sjdb) |	916062
                       Number of splices: GT/AG |	913479
                       Number of splices: GC/AG |	4529
                       Number of splices: AT/AC |	1078
               Number of splices: Non-canonical |	1281
                      Mismatch rate per base, % |	0.60%
                         Deletion rate per base |	0.00%
                        Deletion average length |	1.08
                        Insertion rate per base |	0.01%
                       Insertion average length |	1.01
                             MULTI-MAPPING READS:
        Number of reads mapped to multiple loci |	894080
             % of reads mapped to multiple loci |	14.12%
        Number of reads mapped to too many loci |	180277
             % of reads mapped to too many loci |	2.85%
                                  UNMAPPED READS:
  Number of reads unmapped: too many mismatches |	0
       % of reads unmapped: too many mismatches |	0.00%
            Number of reads unmapped: too short |	821674
                 % of reads unmapped: too short |	12.97%
                Number of reads unmapped: other |	70128
                     % of reads unmapped: other |	1.11%
                                  CHIMERIC READS:
                       Number of chimeric reads |	0
                            % of chimeric reads |	0.00%
